<?xml version="1.0" encoding="UTF-8"?>
<testsuite xmlns:xsi="http://www.w3.org/2001/XMLSchema-instance" xsi:noNamespaceSchemaLocation="https://maven.apache.org/surefire/maven-surefire-plugin/xsd/surefire-test-report.xsd" name="TestSuite" time="1.934" tests="3" errors="0" skipped="2" failures="1">
  <properties>
[...]
</properties>
  <testcase name="initWebDriver" classname="com.automation.KarateTest.SampleTestNgTest" time="1.485">
    <failure message="java.lang.reflect.InvocationTargetException" type="ru.stqa.selenium.factory.DriverCreationError">ru.stqa.selenium.factory.DriverCreationError: java.lang.reflect.InvocationTargetException
Caused by: java.lang.reflect.InvocationTargetException
Caused by: org.openqa.selenium.WebDriverException: 
Cannot find firefox binary in PATH. Make sure firefox is installed. OS appears to be: WIN10
Build info: version: '3.141.59', revision: 'e82be7d358', time: '2018-11-14T08:17:03'
System info: host: 'DESKTOP-RPLLGFJ', ip: '192.168.1.4', os.name: 'Windows 10', os.arch: 'amd64', os.version: '10.0', java.version: '11.0.23'
Driver info: driver.version: FirefoxDriver
</failure>
    <system-out><![CDATA[...
... TestNG 7.0.1 by CÃ©dric Beust (cedric@beust.com)
...

]]></system-out>
  </testcase>
  <testcase name="initPageObjects" classname="com.automation.KarateTest.SampleTestNgTest" time="0">
    <skipped/>
  </testcase>
  <testcase name="testHomePageHasAHeader" classname="com.automation.KarateTest.SampleTestNgTest" time="0">
    <skipped message="java.lang.reflect.InvocationTargetException"/>
  </testcase>
</testsuite>